<?xml version="1.0" encoding="UTF-8"?>
<!-- Generated by org.testng.reporters.JUnitReportReporter -->
<testsuite hostname="DESKTOP-7CSH1RG" failures="0" tests="6" name="RestAssured.TypicodeTest" time="4.565" errors="0" timestamp="2024-09-01T12:46:56 IDT" skipped="0">
  <testcase classname="RestAssured.TypicodeTest" name="deleteBook" time="0.556"/>
  <system-out/>
  <testcase classname="RestAssured.TypicodeTest" name="getABookByID" time="0.903"/>
  <system-out/>
  <testcase classname="RestAssured.TypicodeTest" name="updateBook" time="0.361"/>
  <system-out/>
  <testcase classname="RestAssured.TypicodeTest" name="getAllBooks" time="0.527"/>
  <system-out/>
  <testcase classname="RestAssured.TypicodeTest" name="getBookWithInvalidID" time="0.185"/>
  <system-out/>
  <testcase classname="RestAssured.TypicodeTest" name="addABook" time="2.033"/>
  <system-out/>
</testsuite> <!-- RestAssured.TypicodeTest -->
